1512289378011	geckodriver	INFO	Listening on 127.0.0.1:48445
1512289379185	geckodriver::marionette	INFO	Starting browser /usr/lib/firefox/firefox.sh with args ["-marionette"]
1512289380875	addons.xpi	WARN	Error parsing extensions state: [Exception... "Component returned failure code: 0x80520012 (NS_ERROR_FILE_NOT_FOUND) [amIAddonManagerStartup.readStartupData]"  nsresult: "0x80520012 (NS_ERROR_FILE_NOT_FOUND)"  location: "JS frame :: resource://gre/modules/addons/XPIProvider.jsm :: loadExtensionState :: line 1554"  data: no] Stack trace: loadExtensionState()@resource://gre/modules/addons/XPIProvider.jsm:1554 < getInstallState()@resource://gre/modules/addons/XPIProvider.jsm:1589 < checkForChanges()@resource://gre/modules/addons/XPIProvider.jsm:3109 < startup()@resource://gre/modules/addons/XPIProvider.jsm:2188 < callProvider()@resource://gre/modules/AddonManager.jsm:269 < _startProvider()@resource://gre/modules/AddonManager.jsm:739 < startup()@resource://gre/modules/AddonManager.jsm:906 < startup()@resource://gre/modules/AddonManager.jsm:3090 < observe()@jar:file:///usr/lib/firefox/omni.ja!/components/addonManager.js:65
1512289382449	Marionette	INFO	Enabled via --marionette
1512289387937	Marionette	INFO	Listening on port 38123
1512289388051	Marionette	WARN	TLS certificate errors will be ignored for this session
1512289388119	Marionette	DEBUG	Register listener.js for window 2147483649
1512289410045	Marionette	DEBUG	Received DOM event "beforeunload" for "about:blank"
1512289412079	Marionette	DEBUG	Received DOM event "pagehide" for "about:blank"
1512289412080	Marionette	DEBUG	Received DOM event "unload" for "about:blank"
1512289414481	Marionette	DEBUG	Received DOM event "DOMContentLoaded" for "https://www.codechef.com/"
1512289421615	Marionette	DEBUG	Received DOM event "pageshow" for "https://www.codechef.com/"
JavaScript error: resource://gre/modules/commonjs/toolkit/loader.js -> resource://devtools/server/actors/inspector.js, line 1039: TypeError: this._refMap is null
1512289942802	Marionette	DEBUG	Received DOM event "beforeunload" for "https://www.codechef.com/node"
1512289943143	Marionette	DEBUG	Received DOM event "pagehide" for "https://www.codechef.com/node"
1512289943159	Marionette	DEBUG	Received DOM event "unload" for "https://www.codechef.com/node"
1512289945211	Marionette	DEBUG	Received observer notification "outer-window-destroyed" for "2147483665"
1512289945212	Marionette	DEBUG	Received observer notification "outer-window-destroyed" for "2147483662"
1512289945213	Marionette	DEBUG	Received observer notification "outer-window-destroyed" for "2147483668"
1512289945381	Marionette	DEBUG	Received DOM event "DOMContentLoaded" for "https://www.codechef.com/problems/FCTRL2"
1512289948450	Marionette	DEBUG	Received observer notification "outer-window-destroyed" for "2147483679"
1512289949361	Marionette	DEBUG	Received DOM event "pageshow" for "https://www.codechef.com/problems/FCTRL2"
1512289966519	Marionette	DEBUG	Received DOM event "beforeunload" for "https://www.codechef.com/problems/FCTRL2"
1512289967298	Marionette	DEBUG	Received DOM event "pagehide" for "https://www.codechef.com/problems/FCTRL2"
1512289967299	Marionette	DEBUG	Received DOM event "unload" for "https://www.codechef.com/problems/FCTRL2"
1512289968029	Marionette	DEBUG	Received observer notification "outer-window-destroyed" for "2147483682"
1512289968029	Marionette	DEBUG	Received observer notification "outer-window-destroyed" for "2147483676"
1512289968030	Marionette	DEBUG	Received observer notification "outer-window-destroyed" for "2147483671"
1512289968031	Marionette	DEBUG	Received observer notification "outer-window-destroyed" for "2147483674"
1512289971807	Marionette	DEBUG	Received DOM event "DOMContentLoaded" for "https://www.codechef.com/submit/FCTRL2"
1512289974693	Marionette	DEBUG	Received DOM event "pageshow" for "https://www.codechef.com/submit/FCTRL2"
console.error: 
  Message: [Exception... "Component is not available"  nsresult: "0x80040111 (NS_ERROR_NOT_AVAILABLE)"  location: "JS frame :: resource://gre/modules/commonjs/toolkit/loader.js -> resource://devtools/server/actors/styles.js :: getAppliedProps :: line 685"  data: no]
  Stack:
    getAppliedProps@resource://gre/modules/commonjs/toolkit/loader.js -> resource://devtools/server/actors/styles.js:685:11
PageStyleActor<.getApplied<@resource://gre/modules/commonjs/toolkit/loader.js -> resource://devtools/server/actors/styles.js:452:18
_run@resource://gre/modules/commonjs/toolkit/loader.js -> resource://devtools/shared/task.js:311:39
TaskImpl@resource://gre/modules/commonjs/toolkit/loader.js -> resource://devtools/shared/task.js:273:3
asyncFunction@resource://gre/modules/commonjs/toolkit/loader.js -> resource://devtools/shared/task.js:247:14
handler@resource://gre/modules/commonjs/toolkit/loader.js -> resource://devtools/shared/protocol.js:1081:19
onPacket@resource://gre/modules/commonjs/toolkit/loader.js -> resource://devtools/server/main.js:1799:15
receiveMessage@resource://gre/modules/commonjs/toolkit/loader.js -> resource://devtools/shared/transport/transport.js:761:7

getAppliedProps@resource://gre/modules/commonjs/toolkit/loader.js -> resource://devtools/server/actors/styles.js:685:11
PageStyleActor<.getApplied<@resource://gre/modules/commonjs/toolkit/loader.js -> resource://devtools/server/actors/styles.js:452:18
_run@resource://gre/modules/commonjs/toolkit/loader.js -> resource://devtools/shared/task.js:311:39
TaskImpl@resource://gre/modules/commonjs/toolkit/loader.js -> resource://devtools/shared/task.js:273:3
asyncFunction@resource://gre/modules/commonjs/toolkit/loader.js -> resource://devtools/shared/task.js:247:14
handler@resource://gre/modules/commonjs/toolkit/loader.js -> resource://devtools/shared/protocol.js:1081:19
onPacket@resource://gre/modules/commonjs/toolkit/loader.js -> resource://devtools/server/main.js:1799:15
receiveMessage@resource://gre/modules/commonjs/toolkit/loader.js -> resource://devtools/shared/transport/transport.js:761:7
console.error: 
  unknownError
console.error: 
  unknownError
console.error: 
  Message: [Exception... "Component is not available"  nsresult: "0x80040111 (NS_ERROR_NOT_AVAILABLE)"  location: "JS frame :: resource://gre/modules/commonjs/toolkit/loader.js -> resource://devtools/server/actors/styles.js :: getAppliedProps :: line 685"  data: no]
  Stack:
    getAppliedProps@resource://gre/modules/commonjs/toolkit/loader.js -> resource://devtools/server/actors/styles.js:685:11
PageStyleActor<.getApplied<@resource://gre/modules/commonjs/toolkit/loader.js -> resource://devtools/server/actors/styles.js:452:18
_run@resource://gre/modules/commonjs/toolkit/loader.js -> resource://devtools/shared/task.js:311:39
TaskImpl@resource://gre/modules/commonjs/toolkit/loader.js -> resource://devtools/shared/task.js:273:3
asyncFunction@resource://gre/modules/commonjs/toolkit/loader.js -> resource://devtools/shared/task.js:247:14
handler@resource://gre/modules/commonjs/toolkit/loader.js -> resource://devtools/shared/protocol.js:1081:19
onPacket@resource://gre/modules/commonjs/toolkit/loader.js -> resource://devtools/server/main.js:1799:15
receiveMessage@resource://gre/modules/commonjs/toolkit/loader.js -> resource://devtools/shared/transport/transport.js:761:7

getAppliedProps@resource://gre/modules/commonjs/toolkit/loader.js -> resource://devtools/server/actors/styles.js:685:11
PageStyleActor<.getApplied<@resource://gre/modules/commonjs/toolkit/loader.js -> resource://devtools/server/actors/styles.js:452:18
_run@resource://gre/modules/commonjs/toolkit/loader.js -> resource://devtools/shared/task.js:311:39
TaskImpl@resource://gre/modules/commonjs/toolkit/loader.js -> resource://devtools/shared/task.js:273:3
asyncFunction@resource://gre/modules/commonjs/toolkit/loader.js -> resource://devtools/shared/task.js:247:14
handler@resource://gre/modules/commonjs/toolkit/loader.js -> resource://devtools/shared/protocol.js:1081:19
onPacket@resource://gre/modules/commonjs/toolkit/loader.js -> resource://devtools/server/main.js:1799:15
receiveMessage@resource://gre/modules/commonjs/toolkit/loader.js -> resource://devtools/shared/transport/transport.js:761:7
console.error: 
  unknownError
console.error: 
  unknownError
console.error: 
  Message: [Exception... "Component is not available"  nsresult: "0x80040111 (NS_ERROR_NOT_AVAILABLE)"  location: "JS frame :: resource://gre/modules/commonjs/toolkit/loader.js -> resource://devtools/server/actors/styles.js :: getAppliedProps :: line 685"  data: no]
  Stack:
    getAppliedProps@resource://gre/modules/commonjs/toolkit/loader.js -> resource://devtools/server/actors/styles.js:685:11
PageStyleActor<.getApplied<@resource://gre/modules/commonjs/toolkit/loader.js -> resource://devtools/server/actors/styles.js:452:18
_run@resource://gre/modules/commonjs/toolkit/loader.js -> resource://devtools/shared/task.js:311:39
TaskImpl@resource://gre/modules/commonjs/toolkit/loader.js -> resource://devtools/shared/task.js:273:3
asyncFunction@resource://gre/modules/commonjs/toolkit/loader.js -> resource://devtools/shared/task.js:247:14
handler@resource://gre/modules/commonjs/toolkit/loader.js -> resource://devtools/shared/protocol.js:1081:19
onPacket@resource://gre/modules/commonjs/toolkit/loader.js -> resource://devtools/server/main.js:1799:15
receiveMessage@resource://gre/modules/commonjs/toolkit/loader.js -> resource://devtools/shared/transport/transport.js:761:7

getAppliedProps@resource://gre/modules/commonjs/toolkit/loader.js -> resource://devtools/server/actors/styles.js:685:11
PageStyleActor<.getApplied<@resource://gre/modules/commonjs/toolkit/loader.js -> resource://devtools/server/actors/styles.js:452:18
_run@resource://gre/modules/commonjs/toolkit/loader.js -> resource://devtools/shared/task.js:311:39
TaskImpl@resource://gre/modules/commonjs/toolkit/loader.js -> resource://devtools/shared/task.js:273:3
asyncFunction@resource://gre/modules/commonjs/toolkit/loader.js -> resource://devtools/shared/task.js:247:14
handler@resource://gre/modules/commonjs/toolkit/loader.js -> resource://devtools/shared/protocol.js:1081:19
onPacket@resource://gre/modules/commonjs/toolkit/loader.js -> resource://devtools/server/main.js:1799:15
receiveMessage@resource://gre/modules/commonjs/toolkit/loader.js -> resource://devtools/shared/transport/transport.js:761:7
console.error: 
  unknownError
console.error: 
  unknownError
1512290104874	Marionette	DEBUG	Canceled page load listener because no navigation has been detected
1512290114128	Marionette	DEBUG	Canceled page load listener because no navigation has been detected
1512290344662	Marionette	DEBUG	Received DOM event "beforeunload" for "https://www.codechef.com/submit/FCTRL2"
1512290347459	Marionette	DEBUG	Received DOM event "pagehide" for "https://www.codechef.com/submit/FCTRL2"
1512290347475	Marionette	DEBUG	Received DOM event "unload" for "https://www.codechef.com/submit/FCTRL2"
1512290347572	Marionette	DEBUG	Received observer notification "outer-window-destroyed" for "2147483691"
1512290348197	Marionette	DEBUG	Received observer notification "outer-window-destroyed" for "2147483686"
1512290348199	Marionette	DEBUG	Received observer notification "outer-window-destroyed" for "2147483689"
1512290348618	Marionette	DEBUG	Received DOM event "DOMContentLoaded" for "https://www.codechef.com/submit/complete/16429157"
1512290352160	Marionette	DEBUG	Received DOM event "pageshow" for "https://www.codechef.com/submit/complete/16429157"
1512290379649	Marionette	DEBUG	Register listener.js for window 2147483730
